<?xml version="1.0" encoding="UTF-8"?>
<testsuite xmlns:xsi="http://www.w3.org/2001/XMLSchema-instance" xsi:noNamespaceSchemaLocation="https://maven.apache.org/surefire/maven-surefire-plugin/xsd/surefire-test-report.xsd" name="com.danielsimonchin.test.crudtests.CrudTests" time="169.775" tests="35" errors="0" skipped="0" failures="0">
  <properties>
    <property name="java.specification.version" value="14"/>
    <property name="sun.cpu.isalist" value="amd64"/>
    <property name="sun.jnu.encoding" value="Cp1252"/>
    <property name="java.class.path" value="C:\dev\420-517\jag-project\jag_project\target\test-classes;C:\dev\420-517\jag-project\jag_project\target\classes;C:\devapp\.m2\repository\org\openjfx\javafx-controls\16-ea+1\javafx-controls-16-ea+1.jar;C:\devapp\.m2\repository\org\openjfx\javafx-controls\16-ea+1\javafx-controls-16-ea+1-win.jar;C:\devapp\.m2\repository\org\openjfx\javafx-graphics\16-ea+1\javafx-graphics-16-ea+1.jar;C:\devapp\.m2\repository\org\openjfx\javafx-graphics\16-ea+1\javafx-graphics-16-ea+1-win.jar;C:\devapp\.m2\repository\org\openjfx\javafx-base\16-ea+1\javafx-base-16-ea+1.jar;C:\devapp\.m2\repository\org\openjfx\javafx-base\16-ea+1\javafx-base-16-ea+1-win.jar;C:\devapp\.m2\repository\mysql\mysql-connector-java\8.0.21\mysql-connector-java-8.0.21.jar;C:\devapp\.m2\repository\com\google\protobuf\protobuf-java\3.11.4\protobuf-java-3.11.4.jar;C:\devapp\.m2\repository\org\jodd\jodd-mail\5.1.6\jodd-mail-5.1.6.jar;C:\devapp\.m2\repository\org\jodd\jodd-core\5.1.6\jodd-core-5.1.6.jar;C:\devapp\.m2\repository\jakarta\mail\jakarta.mail-api\1.6.5\jakarta.mail-api-1.6.5.jar;C:\devapp\.m2\repository\com\sun\mail\jakarta.mail\1.6.5\jakarta.mail-1.6.5.jar;C:\devapp\.m2\repository\com\sun\activation\jakarta.activation\1.2.1\jakarta.activation-1.2.1.jar;C:\devapp\.m2\repository\javax\mail\javax.mail-api\1.6.2\javax.mail-api-1.6.2.jar;C:\devapp\.m2\repository\javax\activation\javax.activation-api\1.2.0\javax.activation-api-1.2.0.jar;C:\devapp\.m2\repository\org\slf4j\slf4j-api\1.7.30\slf4j-api-1.7.30.jar;C:\devapp\.m2\repository\org\apache\logging\log4j\log4j-slf4j-impl\2.13.3\log4j-slf4j-impl-2.13.3.jar;C:\devapp\.m2\repository\org\apache\logging\log4j\log4j-api\2.13.3\log4j-api-2.13.3.jar;C:\devapp\.m2\repository\org\apache\logging\log4j\log4j-core\2.13.3\log4j-core-2.13.3.jar;C:\devapp\.m2\repository\org\junit\jupiter\junit-jupiter-engine\5.6.2\junit-jupiter-engine-5.6.2.jar;C:\devapp\.m2\repository\org\apiguardian\apiguardian-api\1.1.0\apiguardian-api-1.1.0.jar;C:\devapp\.m2\repository\org\junit\platform\junit-platform-engine\1.6.2\junit-platform-engine-1.6.2.jar;C:\devapp\.m2\repository\org\opentest4j\opentest4j\1.2.0\opentest4j-1.2.0.jar;C:\devapp\.m2\repository\org\junit\platform\junit-platform-commons\1.6.2\junit-platform-commons-1.6.2.jar;C:\devapp\.m2\repository\org\junit\jupiter\junit-jupiter-api\5.6.2\junit-jupiter-api-5.6.2.jar;C:\devapp\.m2\repository\org\junit\vintage\junit-vintage-engine\5.6.2\junit-vintage-engine-5.6.2.jar;C:\devapp\.m2\repository\junit\junit\4.13\junit-4.13.jar;C:\devapp\.m2\repository\org\hamcrest\hamcrest-core\1.3\hamcrest-core-1.3.jar;"/>
    <property name="java.vm.vendor" value="AdoptOpenJDK"/>
    <property name="sun.arch.data.model" value="64"/>
    <property name="user.variant" value=""/>
    <property name="java.vendor.url" value="https://adoptopenjdk.net/"/>
    <property name="user.timezone" value="America/Toronto"/>
    <property name="os.name" value="Windows 10"/>
    <property name="java.vm.specification.version" value="14"/>
    <property name="user.country" value="CA"/>
    <property name="sun.java.launcher" value="SUN_STANDARD"/>
    <property name="sun.boot.library.path" value="C:\Program Files\AdoptOpenJDK\jdk-14.0.2.12-hotspot\bin"/>
    <property name="sun.java.command" value="C:\Users\Daniel\AppData\Local\Temp\surefire13137896452429839823\surefirebooter15069408701570083162.jar C:\Users\Daniel\AppData\Local\Temp\surefire13137896452429839823 2020-10-07T23-42-10_306-jvmRun1 surefire694500774967115867tmp surefire_0772126040467343317tmp"/>
    <property name="jdk.debug" value="release"/>
    <property name="test" value="com.danielsimonchin.test.crudtests.CrudTests"/>
    <property name="surefire.test.class.path" value="C:\dev\420-517\jag-project\jag_project\target\test-classes;C:\dev\420-517\jag-project\jag_project\target\classes;C:\devapp\.m2\repository\org\openjfx\javafx-controls\16-ea+1\javafx-controls-16-ea+1.jar;C:\devapp\.m2\repository\org\openjfx\javafx-controls\16-ea+1\javafx-controls-16-ea+1-win.jar;C:\devapp\.m2\repository\org\openjfx\javafx-graphics\16-ea+1\javafx-graphics-16-ea+1.jar;C:\devapp\.m2\repository\org\openjfx\javafx-graphics\16-ea+1\javafx-graphics-16-ea+1-win.jar;C:\devapp\.m2\repository\org\openjfx\javafx-base\16-ea+1\javafx-base-16-ea+1.jar;C:\devapp\.m2\repository\org\openjfx\javafx-base\16-ea+1\javafx-base-16-ea+1-win.jar;C:\devapp\.m2\repository\mysql\mysql-connector-java\8.0.21\mysql-connector-java-8.0.21.jar;C:\devapp\.m2\repository\com\google\protobuf\protobuf-java\3.11.4\protobuf-java-3.11.4.jar;C:\devapp\.m2\repository\org\jodd\jodd-mail\5.1.6\jodd-mail-5.1.6.jar;C:\devapp\.m2\repository\org\jodd\jodd-core\5.1.6\jodd-core-5.1.6.jar;C:\devapp\.m2\repository\jakarta\mail\jakarta.mail-api\1.6.5\jakarta.mail-api-1.6.5.jar;C:\devapp\.m2\repository\com\sun\mail\jakarta.mail\1.6.5\jakarta.mail-1.6.5.jar;C:\devapp\.m2\repository\com\sun\activation\jakarta.activation\1.2.1\jakarta.activation-1.2.1.jar;C:\devapp\.m2\repository\javax\mail\javax.mail-api\1.6.2\javax.mail-api-1.6.2.jar;C:\devapp\.m2\repository\javax\activation\javax.activation-api\1.2.0\javax.activation-api-1.2.0.jar;C:\devapp\.m2\repository\org\slf4j\slf4j-api\1.7.30\slf4j-api-1.7.30.jar;C:\devapp\.m2\repository\org\apache\logging\log4j\log4j-slf4j-impl\2.13.3\log4j-slf4j-impl-2.13.3.jar;C:\devapp\.m2\repository\org\apache\logging\log4j\log4j-api\2.13.3\log4j-api-2.13.3.jar;C:\devapp\.m2\repository\org\apache\logging\log4j\log4j-core\2.13.3\log4j-core-2.13.3.jar;C:\devapp\.m2\repository\org\junit\jupiter\junit-jupiter-engine\5.6.2\junit-jupiter-engine-5.6.2.jar;C:\devapp\.m2\repository\org\apiguardian\apiguardian-api\1.1.0\apiguardian-api-1.1.0.jar;C:\devapp\.m2\repository\org\junit\platform\junit-platform-engine\1.6.2\junit-platform-engine-1.6.2.jar;C:\devapp\.m2\repository\org\opentest4j\opentest4j\1.2.0\opentest4j-1.2.0.jar;C:\devapp\.m2\repository\org\junit\platform\junit-platform-commons\1.6.2\junit-platform-commons-1.6.2.jar;C:\devapp\.m2\repository\org\junit\jupiter\junit-jupiter-api\5.6.2\junit-jupiter-api-5.6.2.jar;C:\devapp\.m2\repository\org\junit\vintage\junit-vintage-engine\5.6.2\junit-vintage-engine-5.6.2.jar;C:\devapp\.m2\repository\junit\junit\4.13\junit-4.13.jar;C:\devapp\.m2\repository\org\hamcrest\hamcrest-core\1.3\hamcrest-core-1.3.jar;"/>
    <property name="sun.cpu.endian" value="little"/>
    <property name="user.home" value="C:\Users\Daniel"/>
    <property name="user.language" value="en"/>
    <property name="java.specification.vendor" value="Oracle Corporation"/>
    <property name="java.version.date" value="2020-07-14"/>
    <property name="java.home" value="C:\Program Files\AdoptOpenJDK\jdk-14.0.2.12-hotspot"/>
    <property name="file.separator" value="\"/>
    <property name="basedir" value="C:\dev\420-517\jag-project\jag_project"/>
    <property name="java.vm.compressedOopsMode" value="Zero based"/>
    <property name="line.separator" value="&#10;"/>
    <property name="java.vm.specification.vendor" value="Oracle Corporation"/>
    <property name="java.specification.name" value="Java Platform API Specification"/>
    <property name="surefire.real.class.path" value="C:\Users\Daniel\AppData\Local\Temp\surefire13137896452429839823\surefirebooter15069408701570083162.jar"/>
    <property name="user.script" value=""/>
    <property name="sun.management.compiler" value="HotSpot 64-Bit Tiered Compilers"/>
    <property name="java.runtime.version" value="14.0.2+12"/>
    <property name="user.name" value="Daniel"/>
    <property name="path.separator" value=";"/>
    <property name="os.version" value="10.0"/>
    <property name="java.runtime.name" value="OpenJDK Runtime Environment"/>
    <property name="file.encoding" value="UTF-8"/>
    <property name="java.vm.name" value="OpenJDK 64-Bit Server VM"/>
    <property name="java.vendor.version" value="AdoptOpenJDK"/>
    <property name="maven.ext.class.path" value="C:\devapp\NetBeans-12.0\netbeans\java\maven-nblib\netbeans-eventspy.jar"/>
    <property name="localRepository" value="C:\devapp\.m2\repository"/>
    <property name="java.vendor.url.bug" value="https://github.com/AdoptOpenJDK/openjdk-support/issues"/>
    <property name="java.io.tmpdir" value="C:\Users\Daniel\AppData\Local\Temp\"/>
    <property name="java.version" value="14.0.2"/>
    <property name="user.dir" value="C:\dev\420-517\jag-project\jag_project"/>
    <property name="os.arch" value="amd64"/>
    <property name="java.vm.specification.name" value="Java Virtual Machine Specification"/>
    <property name="sun.os.patch.level" value=""/>
    <property name="java.library.path" value="C:\Program Files\AdoptOpenJDK\jdk-14.0.2.12-hotspot\bin;C:\WINDOWS\Sun\Java\bin;C:\WINDOWS\system32;C:\WINDOWS;C:\Program Files\AdoptOpenJDK\jdk-14.0.2.12-hotspot\bin;C:\Program Files (x86)\Common Files\Oracle\Java\javapath;C:\Program Files (x86)\Razer Chroma SDK\bin;C:\Program Files\Razer Chroma SDK\bin;C:\ProgramData\Oracle\Java\javapath;C:\Windows\system32;C:\Windows;C:\Windows\System32\Wbem;C:\Windows\System32\WindowsPowerShell\v1.0\;C:\Program Files (x86)\NVIDIA Corporation\PhysX\Common;C:\Windows\system32\config\systemprofile\AppData\Local\Microsoft\WindowsApps;C:\WINDOWS\system32;C:\WINDOWS;C:\WINDOWS\System32\Wbem;C:\WINDOWS\System32\WindowsPowerShell\v1.0\;C:\WINDOWS\System32\OpenSSH\;C:\Program Files\PuTTY\;C:\Program Files\NVIDIA Corporation\NVIDIA NvDLISR;C:\WINDOWS\system32;C:\WINDOWS;C:\WINDOWS\System32\Wbem;C:\WINDOWS\System32\WindowsPowerShell\v1.0\;C:\WINDOWS\System32\OpenSSH\;C:\Program Files (x86)\Brackets\command;C:\Program Files\Git\cmd;C:\Program Files\dotnet\;C:\Program Files\Microsoft SQL Server\130\Tools\Binn\;C:\Program Files\Microsoft SQL Server\Client SDK\ODBC\170\Tools\Binn\;C:\Users\Daniel\AppData\Local\Microsoft\WindowsApps;C:\Users\Daniel\AppData\Local\atom\bin;C:\Users\Daniel\AppData\Local\Microsoft\WindowsApps;%DASHLANE_DLL_DIR%;C:\Program Files (x86)\EaseUS\Todo Backup\bin\x64\;."/>
    <property name="java.vm.info" value="mixed mode, sharing"/>
    <property name="java.vendor" value="AdoptOpenJDK"/>
    <property name="java.vm.version" value="14.0.2+12"/>
    <property name="sun.io.unicode.encoding" value="UnicodeLittle"/>
    <property name="java.class.version" value="58.0"/>
  </properties>
  <testcase name="testSendDraftNoRecipients" classname="com.danielsimonchin.test.crudtests.CrudTests" time="5.328"/>
  <testcase name="testEmailCreateWithDraftEmail" classname="com.danielsimonchin.test.crudtests.CrudTests" time="4.552"/>
  <testcase name="testUpdateFolderToDraftError" classname="com.danielsimonchin.test.crudtests.CrudTests" time="3.902"/>
  <testcase name="testFindAllInSentFolder" classname="com.danielsimonchin.test.crudtests.CrudTests" time="4.363"/>
  <testcase name="testFindByRecipientsUnkownAddress" classname="com.danielsimonchin.test.crudtests.CrudTests" time="4.566"/>
  <testcase name="testFolderAlreadyExists" classname="com.danielsimonchin.test.crudtests.CrudTests" time="4.019"/>
  <testcase name="testFindAll" classname="com.danielsimonchin.test.crudtests.CrudTests" time="4.102"/>
  <testcase name="testFindBySubjectCheckContents" classname="com.danielsimonchin.test.crudtests.CrudTests" time="4.157"/>
  <testcase name="testFindAllAfterAddingAnEmail" classname="com.danielsimonchin.test.crudtests.CrudTests" time="4.958"/>
  <testcase name="testCannotRenameFolderInbox" classname="com.danielsimonchin.test.crudtests.CrudTests" time="4.314"/>
  <testcase name="testSendDraftEmail" classname="com.danielsimonchin.test.crudtests.CrudTests" time="5.153"/>
  <testcase name="testFindAllCompareContent" classname="com.danielsimonchin.test.crudtests.CrudTests" time="6.354"/>
  <testcase name="testCannotRenameFolderSent" classname="com.danielsimonchin.test.crudtests.CrudTests" time="3.502"/>
  <testcase name="testRenameFolderSameName" classname="com.danielsimonchin.test.crudtests.CrudTests" time="3.689"/>
  <testcase name="testFindAllInFolderAfterFolderCreation" classname="com.danielsimonchin.test.crudtests.CrudTests" time="4.33"/>
  <testcase name="testSendEmptyDraft" classname="com.danielsimonchin.test.crudtests.CrudTests" time="4.036"/>
  <testcase name="deleteFolderThrowTest" classname="com.danielsimonchin.test.crudtests.CrudTests" time="3.731"/>
  <testcase name="testFindById" classname="com.danielsimonchin.test.crudtests.CrudTests" time="5.995"/>
  <testcase name="testUpdateFolderToInbox" classname="com.danielsimonchin.test.crudtests.CrudTests" time="6.85"/>
  <testcase name="testFindByIdDraft" classname="com.danielsimonchin.test.crudtests.CrudTests" time="5.333"/>
  <testcase name="testUpdateDraftEmail" classname="com.danielsimonchin.test.crudtests.CrudTests" time="4.473"/>
  <testcase name="testRenameFolder" classname="com.danielsimonchin.test.crudtests.CrudTests" time="3.875"/>
  <testcase name="testFindBySubjectNoResultsFound" classname="com.danielsimonchin.test.crudtests.CrudTests" time="4.465"/>
  <testcase name="testEmailCreate" classname="com.danielsimonchin.test.crudtests.CrudTests" time="5.373"/>
  <testcase name="testDeleteById" classname="com.danielsimonchin.test.crudtests.CrudTests" time="6.341"/>
  <testcase name="testFindBySubject" classname="com.danielsimonchin.test.crudtests.CrudTests" time="4.756"/>
  <testcase name="testFolderCreateAndThrow" classname="com.danielsimonchin.test.crudtests.CrudTests" time="4.554"/>
  <testcase name="testFolderCreationWithSpecialCharacters" classname="com.danielsimonchin.test.crudtests.CrudTests" time="3.887"/>
  <testcase name="testFolderCreation" classname="com.danielsimonchin.test.crudtests.CrudTests" time="3.412"/>
  <testcase name="testEmailCreateWithReceivedEmail" classname="com.danielsimonchin.test.crudtests.CrudTests" time="15.703"/>
  <testcase name="testFindByRecipient" classname="com.danielsimonchin.test.crudtests.CrudTests" time="3.736"/>
  <testcase name="testFindAllInDraftFolder" classname="com.danielsimonchin.test.crudtests.CrudTests" time="3.412"/>
  <testcase name="testFindByRecipientCheckContents" classname="com.danielsimonchin.test.crudtests.CrudTests" time="4.429"/>
  <testcase name="deleteFolderTest" classname="com.danielsimonchin.test.crudtests.CrudTests" time="4.066"/>
  <testcase name="testEmailCreateWithUnkownRecipients" classname="com.danielsimonchin.test.crudtests.CrudTests" time="4.05"/>
</testsuite>